[0401/172412:INFO:exception_record.cc(511)] [QB]Process ID: 25584 Type: 1
[0401/172412:ERROR:main_delegate.cc(771)] Could not load cef_extensions.pak
[0401/172413:ERROR:proxy_service_factory.cc(128)] Cannot use V8 Proxy resolver in single process mode.
[0401/172413:WARNING:histograms.cc(40)] Started multiple compositor clients (Browser, Renderer) in one process. Some metrics will be disabled.
[0401/172415:INFO:CONSOLE(896)] "ClientInterfaceForWeb: <command-lable-xwl78-qq-music><cmd value="1074" verson="800"><subcmd value="SaveBackUrl"><urlinfo tab="4" url="https://c.y.qq.com/node/pc/wk_v15/mv_tuijian_new.html" replace="0"/></subcmd></cmd></command-lable-xwl78-qq-music>", source:  (896)
[0401/172415:INFO:CONSOLE(896)] "startAnimation", source:  (896)
[0401/172415:INFO:CONSOLE(896)] "playStatusChange", source:  (896)
[0401/172415:INFO:CONSOLE(896)] "OnPlayStatusChange", source:  (896)
[0401/172415:INFO:CONSOLE(896)] "startAnimation", source:  (896)
[0401/172415:INFO:CONSOLE(896)] "playStatusChange", source:  (896)
[0401/172415:INFO:CONSOLE(896)] "OnPlayStatusChange", source:  (896)
[0401/172416:INFO:CONSOLE(896)] "loginStateChangedRefresh", source:  (896)
[0401/172416:INFO:CONSOLE(896)] "LoginStateChangedRefresh", source:  (896)
[0401/172416:INFO:CONSOLE(896)] "ClientInterfaceForWeb: <command-lable-xwl78-qq-music><cmd value="1074" verson="800"><subcmd value="SaveBackUrl"><urlinfo tab="4" url="https://c.y.qq.com/node/pc/wk_v15/mv_tuijian_new.html" replace="0"/></subcmd></cmd></command-lable-xwl78-qq-music>", source:  (896)
[0401/172416:INFO:CONSOLE(896)] "ChangeSkin", source:  (896)
[0401/172416:INFO:CONSOLE(896)] "ChangeSkin", source:  (896)
[0401/172417:INFO:CONSOLE(896)] "startAnimation", source:  (896)
[0401/172418:INFO:CONSOLE(592)] "false", source:  (592)
[0401/172421:INFO:CONSOLE(0)] "Mixed Content: The page at 'https://c.y.qq.com/node/pc/wk_v15/mv_tuijian_new.html' was loaded over HTTPS, but requested an insecure image 'http://ossweb-img.qq.com/images/bz.gif?a=0.9213820760241127&b=1554110661657'. This content should also be served over HTTPS.", source: https://c.y.qq.com/node/pc/wk_v15/mv_tuijian_new.html (0)
[0401/172421:INFO:CONSOLE(0)] "Mixed Content: The page at 'https://c.y.qq.com/node/pc/wk_v15/mv_tuijian_new.html' was loaded over HTTPS, but requested an insecure image 'http://la.gtimg.com/zljk/bz.gif?a=0.6087874755295586&b=1554110661716'. This content should also be served over HTTPS.", source: https://c.y.qq.com/node/pc/wk_v15/mv_tuijian_new.html (0)
[0401/172421:INFO:CONSOLE(0)] "Mixed Content: The page at 'https://c.y.qq.com/node/pc/wk_v15/mv_tuijian_new.html' was loaded over HTTPS, but requested an insecure image 'http://cdn.tgp.qq.com/zljk/bz.gif?a=0.305568407086926&b=1554110661743'. This content should also be served over HTTPS.", source: https://c.y.qq.com/node/pc/wk_v15/mv_tuijian_new.html (0)
[0401/172421:INFO:CONSOLE(0)] "Mixed Content: The page at 'https://c.y.qq.com/node/pc/wk_v15/mv_tuijian_new.html' was loaded over HTTPS, but requested an insecure image 'http://oc.cgiaccess.tc.qq.com/cdn_test/20k.jpg?a=0.6562340362091008&b=1554110661772'. This content should also be served over HTTPS.", source: https://c.y.qq.com/node/pc/wk_v15/mv_tuijian_new.html (0)
[0401/172421:INFO:CONSOLE(0)] "Mixed Content: The page at 'https://c.y.qq.com/node/pc/wk_v15/mv_tuijian_new.html' was loaded over HTTPS, but requested an insecure image 'http://y.gtimg.cn/music/common/'. This content should also be served over HTTPS.", source: https://c.y.qq.com/node/pc/wk_v15/mv_tuijian_new.html (0)
[0401/172421:INFO:CONSOLE(0)] "Mixed Content: The page at 'https://c.y.qq.com/node/pc/wk_v15/mv_tuijian_new.html' was loaded over HTTPS, but requested an insecure image 'http://y.gtimg.cn/music/common/'. This content should also be served over HTTPS.", source: https://c.y.qq.com/node/pc/wk_v15/mv_tuijian_new.html (0)
[0401/172422:INFO:CONSOLE(592)] "false", source:  (592)
[0401/172423:INFO:CONSOLE(896)] "ClientInterfaceForWeb: <command-lable-xwl78-qq-music><cmd value="1074" verson="800"><subcmd value="playMV"><vid>l00307ns6ya,x00124wyd4c,r0029r4l0ip,f0030o5bgbl,e0029hk27f0,w0030p5gurl,i0030rux141,c0029r5wesu,l0030gwyfto,i0030z44ash</vid><source>2:1006:</source><trace></trace></subcmd></cmd></command-lable-xwl78-qq-music>", source:  (896)
[0401/172424:INFO:CONSOLE(896)] "stopAnimation", source:  (896)
[0401/172424:INFO:CONSOLE(896)] "stopAnimation", source:  (896)
[0401/172424:INFO:CONSOLE(896)] "playStatusChange", source:  (896)
[0401/172424:INFO:CONSOLE(896)] "OnPlayStatusChange", source:  (896)
[0401/172427:INFO:CONSOLE(897)] "ClientInterfaceForWeb: <command-lable-xwl78-qq-music><cmd value="1074" verson="800"><subcmd value="SetFormInfo"><formid>1</formid><width>300</width><height>60</height><title></title><left>0</left><top>0</top></subcmd></cmd></command-lable-xwl78-qq-music>", source: http://y.gtimg.cn/music/wk_v15/js/common/pkg/music_12435da.js?max_age=31536000 (897)
[0401/172427:INFO:CONSOLE(897)] "stopAnimation", source: http://y.gtimg.cn/music/wk_v15/js/common/pkg/music_12435da.js?max_age=31536000 (897)
[0401/172427:INFO:CONSOLE(896)] "startAnimation", source:  (896)
[0401/172427:INFO:CONSOLE(876)] "[object ServiceWorkerRegistration]", source:  (876)
[0401/172427:INFO:CONSOLE(896)] "startAnimation", source:  (896)
[0401/172427:INFO:CONSOLE(896)] "ClientInterfaceForWeb: <command-lable-xwl78-qq-music><cmd value="1074" verson="800"><subcmd value="SaveBackUrl"><urlinfo tab="1" url="https://c.y.qq.com/node/pc/wk_v15/first.html" replace="0"/></subcmd></cmd></command-lable-xwl78-qq-music>", source:  (896)
[0401/172428:INFO:CONSOLE(896)] "speed report:https://stat.y.qq.com/sp/r.png?appid=10013&speedparams=flag1%3D1649%26flag2%3D6%26flag3%3D1%2624%3D374%2625%3D204%2626%3D231%2631%3D22%2633%3D137%2635%3D6%2636%3D164%2637%3D5&platform=pc&app=PCclient;_arr.length:8;data.length:38", source:  (896)
[0401/172429:INFO:CONSOLE(896)] "speed report:https://stat.y.qq.com/sp/r.png?appid=10013&speedparams=flag1%3D1649%26flag2%3D6%26flag3%3D20%265%3D4%266%3D4%267%3D4%268%3D4%269%3D4%2610%3D7%2611%3D165%2612%3D176%2613%3D199%2614%3D238%2615%3D238%2616%3D238&platform=pc&app=PCclient;_arr.length:12;data.length:17", source:  (896)
[0401/172432:INFO:CONSOLE(896)] "ChangeSkin", source:  (896)
[0401/172432:INFO:CONSOLE(896)] "ChangeSkin", source:  (896)
[0401/172432:INFO:CONSOLE(896)] "ChangeSkin", source:  (896)
[0401/172432:INFO:CONSOLE(896)] "ChangeSkin", source:  (896)
[0401/172432:INFO:CONSOLE(896)] "loginStateChangedRefresh", source:  (896)
[0401/172432:INFO:CONSOLE(896)] "LoginStateChangedRefresh", source:  (896)
[0401/172432:INFO:CONSOLE(896)] "loginStateChangedRefresh", source:  (896)
[0401/172432:INFO:CONSOLE(896)] "LoginStateChangedRefresh", source:  (896)
[0401/172432:INFO:CONSOLE(896)] "ClientInterfaceForWeb: <command-lable-xwl78-qq-music><cmd value="1074" verson="800"><subcmd value="SetFormInfo"><formid>1</formid><width>300</width><height>60</height><title></title><left>0</left><top>0</top></subcmd></cmd></command-lable-xwl78-qq-music>", source:  (896)
[0401/172432:INFO:CONSOLE(896)] "stopAnimation", source:  (896)
[0401/172432:INFO:CONSOLE(0)] "Mixed Content: The page at 'https://c.y.qq.com/node/pc/wk_v15/first.html' was loaded over HTTPS, but requested an insecure image 'http://music.qqvideo.tc.qq.com/bz.gif?a=0.14452920284218118&b=1554110672866'. This content should also be served over HTTPS.", source: https://c.y.qq.com/node/pc/wk_v15/first.html (0)
[0401/172432:INFO:CONSOLE(0)] "Mixed Content: The page at 'https://c.y.qq.com/node/pc/wk_v15/first.html' was loaded over HTTPS, but requested an insecure image 'http://res.tu.qq.com/zljk/bz.gif?a=0.015819856224429607&b=1554110672920'. This content should also be served over HTTPS.", source: https://c.y.qq.com/node/pc/wk_v15/first.html (0)
[0401/172432:INFO:CONSOLE(0)] "Mixed Content: The page at 'https://c.y.qq.com/node/pc/wk_v15/first.html' was loaded over HTTPS, but requested an insecure image 'http://wxc2cxa.tcdn.qq.com/download_speed_test?a=0.3866224917992933&b=1554110672987'. This content should also be served over HTTPS.", source: https://c.y.qq.com/node/pc/wk_v15/first.html (0)
[0401/172433:INFO:CONSOLE(896)] "stopAnimation", source:  (896)
[0401/172433:INFO:browser_main_loop.cc(293)] Completed startup tracing to C:\Users\darylwei\AppData\Local\Temp\qmtracing22376.json
[0401/172433:INFO:CONSOLE(0)] "Mixed Content: The page at 'https://c.y.qq.com/node/pc/wk_v15/first.html' was loaded over HTTPS, but requested an insecure image 'http://task10.hertzhu.com/jsonc/t10.js?a=0.8566741401148008&b=1554110673066'. This content should also be served over HTTPS.", source: https://c.y.qq.com/node/pc/wk_v15/first.html (0)
[0401/172433:INFO:CONSOLE(896)] "ClientInterfaceForWeb: <command-lable-xwl78-qq-music><cmd value="1074" verson="800"><subcmd value="SaveBackUrl"><urlinfo tab="4" url="https://c.y.qq.com/node/pc/wk_v15/mv_tuijian_new.html" replace="0"/></subcmd></cmd></command-lable-xwl78-qq-music>", source:  (896)
[0401/172433:INFO:CONSOLE(0)] "Mixed Content: The page at 'https://c.y.qq.com/node/pc/wk_v15/first.html' was loaded over HTTPS, but requested an insecure image 'http://qian-img.tenpay.com/resources/vtools/img/201811/b5f6a91da3cfa90aecb0baa91c9d77cb.png?a=0.904141094371482&b=1554110673152'. This content should also be served over HTTPS.", source: https://c.y.qq.com/node/pc/wk_v15/first.html (0)
[0401/172433:INFO:CONSOLE(896)] "Mixed Content: The page at 'https://c.y.qq.com/node/pc/wk_v15/first.html' was loaded over HTTPS, but requested an insecure image 'http://y.gtimg.cn/mediastyle/mod/mobile/img/system_loading.svg'. This content should also be served over HTTPS.", source:  (896)
[0401/172433:INFO:CONSOLE(0)] "SVG's SMIL animations (<animate>, <set>, etc.) are deprecated and will be removed. Please use CSS animations or Web animations instead.", source:  (0)
[0401/172433:INFO:CONSOLE(0)] "Mixed Content: The page at 'https://c.y.qq.com/node/pc/wk_v15/first.html' was loaded over HTTPS, but requested an insecure image 'http://jqmt.qq.com/rpt.png?plf=3&cnt=6&r0=77,54,0&r1=1624,67,0&r2=1945,79,0&r3=2203,20,1&r4=49718,66,0&r5=50017,138,0'. This content should also be served over HTTPS.", source: https://c.y.qq.com/node/pc/wk_v15/first.html (0)
[0401/172436:INFO:CONSOLE(896)] "ChangeSkin", source:  (896)
[0401/172436:INFO:CONSOLE(896)] "ChangeSkin", source:  (896)
[0401/172436:INFO:CONSOLE(896)] "ChangeSkin", source:  (896)
[0401/172436:INFO:CONSOLE(896)] "ChangeSkin", source:  (896)
[0401/172437:INFO:CONSOLE(896)] "loginStateChangedRefresh", source:  (896)
[0401/172437:INFO:CONSOLE(896)] "LoginStateChangedRefresh", source:  (896)
[0401/172437:INFO:CONSOLE(896)] "loginStateChangedRefresh", source:  (896)
[0401/172437:INFO:CONSOLE(896)] "LoginStateChangedRefresh", source:  (896)
[0401/172437:INFO:CONSOLE(896)] "ClientInterfaceForWeb: <command-lable-xwl78-qq-music><cmd value="1074" verson="800"><subcmd value="SetFormInfo"><formid>1</formid><width>300</width><height>60</height><title></title><left>0</left><top>0</top></subcmd></cmd></command-lable-xwl78-qq-music>", source:  (896)
[0401/172437:INFO:CONSOLE(896)] "stopAnimation", source:  (896)
[0401/172438:INFO:CONSOLE(896)] "stopAnimation", source:  (896)
[0401/172438:INFO:CONSOLE(896)] "ClientInterfaceForWeb: <command-lable-xwl78-qq-music><cmd value="1074" verson="800"><subcmd value="SaveBackUrl"><urlinfo tab="4" url="https://c.y.qq.com/node/pc/wk_v15/mv_tuijian_new.html" replace="0"/></subcmd></cmd></command-lable-xwl78-qq-music>", source:  (896)
[0401/172441:INFO:CONSOLE(592)] "false", source:  (592)
